<?xml version="1.0" encoding="UTF-8"?>
<!-- Generated by org.testng.reporters.JUnitReportReporter -->
<testsuite skipped="0" hostname="DESKTOP-6QB07EQ" name="com.qa.tests.PostAPITest" tests="1" failures="0" timestamp="13 Nov 2018 14:30:44 GMT" time="3.649" errors="0">
  <testcase name="postAPITest" time="3.649" classname="com.qa.tests.PostAPITest"/>
</testsuite> <!-- com.qa.tests.PostAPITest -->
