<?xml version="1.0" encoding="UTF-8"?>
<!-- Generated by org.testng.reporters.JUnitReportReporter -->
<testsuite skipped="0" hostname="DESKTOP-6QB07EQ" name="com.qa.tests.GetAPITest" tests="2" failures="0" timestamp="11 Nov 2018 05:13:40 GMT" time="4.251" errors="0">
  <testcase name="getAPITestWithoutHeaders" time="3.020" classname="com.qa.tests.GetAPITest"/>
  <testcase name="getAPITestWithHeaders" time="1.231" classname="com.qa.tests.GetAPITest"/>
</testsuite> <!-- com.qa.tests.GetAPITest -->
